This is pdfTeX, Version 3.14159265-2.6-1.40.19 (TeX Live 2018) (preloaded format=pdflatex 2019.1.9)  12 JAN 2019 00:01
entering extended mode
 restricted \write18 enabled.
 %&-line parsing enabled.
**pottery.tex
(./pottery.tex
LaTeX2e <2018-04-01> patch level 2
Babel <3.18> and hyphenation patterns for 84 language(s) loaded.
(/usr/local/texlive/2018/texmf-dist/tex/latex/base/fix-cm.sty
Package: fix-cm 2015/01/14 v1.1t fixes to LaTeX

(/usr/local/texlive/2018/texmf-dist/tex/latex/base/ts1enc.def
File: ts1enc.def 2001/06/05 v3.0e (jk/car/fm) Standard LaTeX file
Now handling font encoding TS1 ...
... processing UTF-8 mapping file for font encoding TS1

(/usr/local/texlive/2018/texmf-dist/tex/latex/base/ts1enc.dfu
File: ts1enc.dfu 2018/04/05 v1.2c UTF-8 support for inputenc
   defining Unicode char U+00A2 (decimal 162)
   defining Unicode char U+00A3 (decimal 163)
   defining Unicode char U+00A4 (decimal 164)
   defining Unicode char U+00A5 (decimal 165)
   defining Unicode char U+00A6 (decimal 166)
   defining Unicode char U+00A7 (decimal 167)
   defining Unicode char U+00A8 (decimal 168)
   defining Unicode char U+00A9 (decimal 169)
   defining Unicode char U+00AA (decimal 170)
   defining Unicode char U+00AC (decimal 172)
   defining Unicode char U+00AE (decimal 174)
   defining Unicode char U+00AF (decimal 175)
   defining Unicode char U+00B0 (decimal 176)
   defining Unicode char U+00B1 (decimal 177)
   defining Unicode char U+00B2 (decimal 178)
   defining Unicode char U+00B3 (decimal 179)
   defining Unicode char U+00B4 (decimal 180)
   defining Unicode char U+00B5 (decimal 181)
   defining Unicode char U+00B6 (decimal 182)
   defining Unicode char U+00B7 (decimal 183)
   defining Unicode char U+00B9 (decimal 185)
   defining Unicode char U+00BA (decimal 186)
   defining Unicode char U+00BC (decimal 188)
   defining Unicode char U+00BD (decimal 189)
   defining Unicode char U+00BE (decimal 190)
   defining Unicode char U+00D7 (decimal 215)
   defining Unicode char U+00F7 (decimal 247)
   defining Unicode char U+0192 (decimal 402)
   defining Unicode char U+02C7 (decimal 711)
   defining Unicode char U+02D8 (decimal 728)
   defining Unicode char U+02DD (decimal 733)
   defining Unicode char U+0E3F (decimal 3647)
   defining Unicode char U+2016 (decimal 8214)
   defining Unicode char U+2020 (decimal 8224)
   defining Unicode char U+2021 (decimal 8225)
   defining Unicode char U+2022 (decimal 8226)
   defining Unicode char U+2030 (decimal 8240)
   defining Unicode char U+2031 (decimal 8241)
   defining Unicode char U+203B (decimal 8251)
   defining Unicode char U+203D (decimal 8253)
   defining Unicode char U+2044 (decimal 8260)
   defining Unicode char U+204E (decimal 8270)
   defining Unicode char U+2052 (decimal 8274)
   defining Unicode char U+20A1 (decimal 8353)
   defining Unicode char U+20A4 (decimal 8356)
   defining Unicode char U+20A6 (decimal 8358)
   defining Unicode char U+20A9 (decimal 8361)
   defining Unicode char U+20AB (decimal 8363)
   defining Unicode char U+20AC (decimal 8364)
   defining Unicode char U+20B1 (decimal 8369)
   defining Unicode char U+2103 (decimal 8451)
   defining Unicode char U+2116 (decimal 8470)
   defining Unicode char U+2117 (decimal 8471)
   defining Unicode char U+211E (decimal 8478)
   defining Unicode char U+2120 (decimal 8480)
   defining Unicode char U+2122 (decimal 8482)
   defining Unicode char U+2126 (decimal 8486)
   defining Unicode char U+2127 (decimal 8487)
   defining Unicode char U+212E (decimal 8494)
   defining Unicode char U+2190 (decimal 8592)
   defining Unicode char U+2191 (decimal 8593)
   defining Unicode char U+2192 (decimal 8594)
   defining Unicode char U+2193 (decimal 8595)
   defining Unicode char U+2329 (decimal 9001)
   defining Unicode char U+232A (decimal 9002)
   defining Unicode char U+2422 (decimal 9250)
   defining Unicode char U+25E6 (decimal 9702)
   defining Unicode char U+25EF (decimal 9711)
   defining Unicode char U+266A (decimal 9834)
   defining Unicode char U+FEFF (decimal 65279)
))) (./svjour3.cls
Document Class: svjour3 2007/05/08 v3.2 
LaTeX document class for Springer journals
Class Springer-SVJour3 Info: extra/valid Springer sub-package (-> *.clo) 
(Springer-SVJour3)           not found in option list of \documentclass
(Springer-SVJour3)           - autoactivating "global" style.
(./svglov3.clo
File: svglov3.clo 2009/12/18 v3.2 style option for standardised journals

SVJour Class option: svglov3.clo for standardised journals
)
LaTeX Font Info:    Redeclaring math symbol \Gamma on input line 147.
LaTeX Font Info:    Redeclaring math symbol \Delta on input line 148.
LaTeX Font Info:    Redeclaring math symbol \Theta on input line 149.
LaTeX Font Info:    Redeclaring math symbol \Lambda on input line 150.
LaTeX Font Info:    Redeclaring math symbol \Xi on input line 151.
LaTeX Font Info:    Redeclaring math symbol \Pi on input line 152.
LaTeX Font Info:    Redeclaring math symbol \Sigma on input line 153.
LaTeX Font Info:    Redeclaring math symbol \Upsilon on input line 154.
LaTeX Font Info:    Redeclaring math symbol \Phi on input line 155.
LaTeX Font Info:    Redeclaring math symbol \Psi on input line 156.
LaTeX Font Info:    Redeclaring math symbol \Omega on input line 157.
\logodepth=\dimen102
\headerboxheight=\dimen103
\betweenumberspace=\dimen104
\aftertext=\dimen105
\headlineindent=\dimen106
\c@inst=\count80
\c@auth=\count81
\instindent=\dimen107
\authrun=\box26
\authorrunning=\toks14
\titrun=\box27
\titlerunning=\toks15
\combirun=\box28
\c@lastpage=\count82
\rubricwidth=\dimen108
\c@section=\count83
\c@subsection=\count84
\c@subsubsection=\count85
\c@paragraph=\count86
\c@subparagraph=\count87
\spthmsep=\dimen109
\c@theorem=\count88
\c@case=\count89
\c@conjecture=\count90
\c@corollary=\count91
\c@definition=\count92
\c@example=\count93
\c@exercise=\count94
\c@lemma=\count95
\c@note=\count96
\c@problem=\count97
\c@property=\count98
\c@proposition=\count99
\c@question=\count100
\c@solution=\count101
\c@remark=\count102
\c@figure=\count103
\c@table=\count104
\abovecaptionskip=\skip41
\belowcaptionskip=\skip42
\figcapgap=\dimen110
\tabcapgap=\dimen111
\figgap=\dimen112
\bibindent=\dimen113
\@tempcntc=\count105
) (/usr/local/texlive/2018/texmf-dist/tex/latex/graphics/graphicx.sty
Package: graphicx 2017/06/01 v1.1a Enhanced LaTeX Graphics (DPC,SPQR)

(/usr/local/texlive/2018/texmf-dist/tex/latex/graphics/keyval.sty
Package: keyval 2014/10/28 v1.15 key=value parser (DPC)
\KV@toks@=\toks16
)
(/usr/local/texlive/2018/texmf-dist/tex/latex/graphics/graphics.sty
Package: graphics 2017/06/25 v1.2c Standard LaTeX Graphics (DPC,SPQR)

(/usr/local/texlive/2018/texmf-dist/tex/latex/graphics/trig.sty
Package: trig 2016/01/03 v1.10 sin cos tan (DPC)
)
(/usr/local/texlive/2018/texmf-dist/tex/latex/graphics-cfg/graphics.cfg
File: graphics.cfg 2016/06/04 v1.11 sample graphics configuration
)
Package graphics Info: Driver file: pdftex.def on input line 99.

(/usr/local/texlive/2018/texmf-dist/tex/latex/graphics-def/pdftex.def
File: pdftex.def 2018/01/08 v1.0l Graphics/color driver for pdftex
))
\Gin@req@height=\dimen114
\Gin@req@width=\dimen115
)
(/usr/local/texlive/2018/texmf-dist/tex/latex/amsmath/amsmath.sty
Package: amsmath 2017/09/02 v2.17a AMS math features
\@mathmargin=\skip43

For additional information on amsmath, use the `?' option.
(/usr/local/texlive/2018/texmf-dist/tex/latex/amsmath/amstext.sty
Package: amstext 2000/06/29 v2.01 AMS text

(/usr/local/texlive/2018/texmf-dist/tex/latex/amsmath/amsgen.sty
File: amsgen.sty 1999/11/30 v2.0 generic functions
\@emptytoks=\toks17
\ex@=\dimen116
))
(/usr/local/texlive/2018/texmf-dist/tex/latex/amsmath/amsbsy.sty
Package: amsbsy 1999/11/29 v1.2d Bold Symbols
\pmbraise@=\dimen117
)
(/usr/local/texlive/2018/texmf-dist/tex/latex/amsmath/amsopn.sty
Package: amsopn 2016/03/08 v2.02 operator names
)
\inf@bad=\count106
LaTeX Info: Redefining \frac on input line 213.
\uproot@=\count107
\leftroot@=\count108
LaTeX Info: Redefining \overline on input line 375.
\classnum@=\count109
\DOTSCASE@=\count110
LaTeX Info: Redefining \ldots on input line 472.
LaTeX Info: Redefining \dots on input line 475.
LaTeX Info: Redefining \cdots on input line 596.
\Mathstrutbox@=\box29
\strutbox@=\box30
\big@size=\dimen118
LaTeX Font Info:    Redeclaring font encoding OML on input line 712.
LaTeX Font Info:    Redeclaring font encoding OMS on input line 713.


Package amsmath Warning: Unable to redefine math accent \vec.

\macc@depth=\count111
\c@MaxMatrixCols=\count112
\dotsspace@=\muskip10
\c@parentequation=\count113
\dspbrk@lvl=\count114
\tag@help=\toks18
\row@=\count115
\column@=\count116
\maxfields@=\count117
\andhelp@=\toks19
\eqnshift@=\dimen119
\alignsep@=\dimen120
\tagshift@=\dimen121
\tagwidth@=\dimen122
\totwidth@=\dimen123
\lineht@=\dimen124
\@envbody=\toks20
\multlinegap=\skip44
\multlinetaggap=\skip45
\mathdisplay@stack=\toks21
LaTeX Info: Redefining \[ on input line 2817.
LaTeX Info: Redefining \] on input line 2818.
) (/usr/local/texlive/2018/texmf-dist/tex/latex/enumitem/enumitem.sty
Package: enumitem 2011/09/28 v3.5.2 Customized lists
\labelindent=\skip46
\enit@outerparindent=\dimen125
\enit@toks=\toks22
\enit@inbox=\box31
\enitdp@description=\count118
)
(/usr/local/texlive/2018/texmf-dist/tex/latex/marvosym/marvosym.sty
Package: marvosym 2011/07/20 v2.2 Martin Vogel's Symbols font definitions
)
(./pottery.aux

LaTeX Warning: Label `sec:4.4' multiply defined.


LaTeX Warning: Label `fig:tlx' multiply defined.


LaTeX Warning: Label `fig:tlx' multiply defined.


LaTeX Warning: Label `tab:3' multiply defined.


LaTeX Warning: Label `sec:6.1' multiply defined.


LaTeX Warning: Label `sec:6.2' multiply defined.


LaTeX Warning: Label `sec:6.3' multiply defined.


LaTeX Warning: Label `fig:tlx' multiply defined.

)
\openout1 = `pottery.aux'.

LaTeX Font Info:    Checking defaults for OML/cmm/m/it on input line 42.
LaTeX Font Info:    ... okay on input line 42.
LaTeX Font Info:    Checking defaults for T1/cmr/m/n on input line 42.
LaTeX Font Info:    ... okay on input line 42.
LaTeX Font Info:    Checking defaults for OT1/cmr/m/n on input line 42.
LaTeX Font Info:    ... okay on input line 42.
LaTeX Font Info:    Checking defaults for OMS/cmsy/m/n on input line 42.
LaTeX Font Info:    ... okay on input line 42.
LaTeX Font Info:    Checking defaults for OMX/cmex/m/n on input line 42.
LaTeX Font Info:    ... okay on input line 42.
LaTeX Font Info:    Checking defaults for U/cmr/m/n on input line 42.
LaTeX Font Info:    ... okay on input line 42.
LaTeX Font Info:    Checking defaults for TS1/cmr/m/n on input line 42.
LaTeX Font Info:    ... okay on input line 42.

Unknown journal: specify \journalname{<name of your journal>} in preambel

(/usr/local/texlive/2018/texmf-dist/tex/context/base/mkii/supp-pdf.mkii
[Loading MPS to PDF converter (version 2006.09.02).]
\scratchcounter=\count119
\scratchdimen=\dimen126
\scratchbox=\box32
\nofMPsegments=\count120
\nofMParguments=\count121
\everyMPshowfont=\toks23
\MPscratchCnt=\count122
\MPscratchDim=\dimen127
\MPnumerator=\count123
\makeMPintoPDFobject=\count124
\everyMPtoPDFconversion=\toks24
) (/usr/local/texlive/2018/texmf-dist/tex/latex/oberdiek/epstopdf-base.sty
Package: epstopdf-base 2016/05/15 v2.6 Base part for package epstopdf

(/usr/local/texlive/2018/texmf-dist/tex/generic/oberdiek/infwarerr.sty
Package: infwarerr 2016/05/16 v1.4 Providing info/warning/error messages (HO)
)
(/usr/local/texlive/2018/texmf-dist/tex/latex/oberdiek/grfext.sty
Package: grfext 2016/05/16 v1.2 Manage graphics extensions (HO)

(/usr/local/texlive/2018/texmf-dist/tex/generic/oberdiek/kvdefinekeys.sty
Package: kvdefinekeys 2016/05/16 v1.4 Define keys (HO)

(/usr/local/texlive/2018/texmf-dist/tex/generic/oberdiek/ltxcmds.sty
Package: ltxcmds 2016/05/16 v1.23 LaTeX kernel commands for general use (HO)
)))
(/usr/local/texlive/2018/texmf-dist/tex/latex/oberdiek/kvoptions.sty
Package: kvoptions 2016/05/16 v3.12 Key value format for package options (HO)

(/usr/local/texlive/2018/texmf-dist/tex/generic/oberdiek/kvsetkeys.sty
Package: kvsetkeys 2016/05/16 v1.17 Key value parser (HO)

(/usr/local/texlive/2018/texmf-dist/tex/generic/oberdiek/etexcmds.sty
Package: etexcmds 2016/05/16 v1.6 Avoid name clashes with e-TeX commands (HO)

(/usr/local/texlive/2018/texmf-dist/tex/generic/oberdiek/ifluatex.sty
Package: ifluatex 2016/05/16 v1.4 Provides the ifluatex switch (HO)
Package ifluatex Info: LuaTeX not detected.
)
Package etexcmds Info: Could not find \expanded.
(etexcmds)             That can mean that you are not using pdfTeX 1.50 or
(etexcmds)             that some package has redefined \expanded.
(etexcmds)             In the latter case, load this package earlier.
)))
(/usr/local/texlive/2018/texmf-dist/tex/generic/oberdiek/pdftexcmds.sty
Package: pdftexcmds 2018/01/30 v0.27 Utility functions of pdfTeX for LuaTeX (HO
)

(/usr/local/texlive/2018/texmf-dist/tex/generic/oberdiek/ifpdf.sty
Package: ifpdf 2017/03/15 v3.2 Provides the ifpdf switch
)
Package pdftexcmds Info: LuaTeX not detected.
Package pdftexcmds Info: \pdf@primitive is available.
Package pdftexcmds Info: \pdf@ifprimitive is available.
Package pdftexcmds Info: \pdfdraftmode found.
)
Package epstopdf-base Info: Redefining graphics rule for `.eps' on input line 4
38.
Package grfext Info: Graphics extension search list:
(grfext)             [.pdf,.png,.jpg,.mps,.jpeg,.jbig2,.jb2,.PDF,.PNG,.JPG,.JPE
G,.JBIG2,.JB2,.eps]
(grfext)             \AppendGraphicsExtensions on input line 456.

(/usr/local/texlive/2018/texmf-dist/tex/latex/latexconfig/epstopdf-sys.cfg
File: epstopdf-sys.cfg 2010/07/13 v1.3 Configuration of (r)epstopdf for TeX Liv
e
))
SVJour3 warning: Missing \journalname
LaTeX Font Info:    Calculating math sizes for size <9.5> on input line 84.

LaTeX Font Warning: Font shape `OMX/cmex/m/n' in size <9.5> not available
(Font)              size <9> substituted on input line 84.

LaTeX Font Info:    Try loading font information for U+mvs on input line 84.
(/usr/local/texlive/2018/texmf-dist/tex/latex/marvosym/umvs.fd) [1{/usr/local/t
exlive/2018/texmf-var/fonts/map/pdftex/updmap/pdftex.map}] [2] [3] [4]
<fig1.pdf, id=23, 845.1575pt x 455.20041pt>
File: fig1.pdf Graphic file (type pdf)
<use fig1.pdf>
Package pdftex.def Info: fig1.pdf  used on input line 283.
(pdftex.def)             Requested size: 347.0pt x 186.89731pt.
 [5 <./fig1.pdf>]
<fig2.pdf, id=39, 845.1575pt x 597.23125pt>
File: fig2.pdf Graphic file (type pdf)
<use fig2.pdf>
Package pdftex.def Info: fig2.pdf  used on input line 295.
(pdftex.def)             Requested size: 347.0pt x 245.21268pt.
<fig3.pdf, id=40, 845.1575pt x 486.18608pt>
File: fig3.pdf Graphic file (type pdf)
<use fig3.pdf>
Package pdftex.def Info: fig3.pdf  used on input line 317.
(pdftex.def)             Requested size: 347.0pt x 199.61949pt.
 [6 <./fig2.pdf>] [7 <./fig3.pdf>]
<fig4.pdf, id=185, 845.1575pt x 597.23125pt>
File: fig4.pdf Graphic file (type pdf)
<use fig4.pdf>
Package pdftex.def Info: fig4.pdf  used on input line 345.
(pdftex.def)             Requested size: 347.0pt x 245.21268pt.
 [8 <./fig4.pdf>]
<fig5.pdf, id=235, 845.1575pt x 597.23125pt>
File: fig5.pdf Graphic file (type pdf)
<use fig5.pdf>
Package pdftex.def Info: fig5.pdf  used on input line 387.
(pdftex.def)             Requested size: 347.0pt x 245.21268pt.
 [9 <./fig5.pdf>]
<fig6.pdf, id=286, 845.1575pt x 352.94359pt>
File: fig6.pdf Graphic file (type pdf)
<use fig6.pdf>
Package pdftex.def Info: fig6.pdf  used on input line 419.
(pdftex.def)             Requested size: 347.0pt x 144.91245pt.

[10 <./fig6.pdf>]
<fig7.pdf, id=313, 845.1575pt x 597.23125pt>
File: fig7.pdf Graphic file (type pdf)
<use fig7.pdf>
Package pdftex.def Info: fig7.pdf  used on input line 448.
(pdftex.def)             Requested size: 347.0pt x 245.21268pt.
 [11 <./fig7.pdf>] [12]
<fig8.pdf, id=357, 845.1575pt x 468.4435pt>
File: fig8.pdf Graphic file (type pdf)
<use fig8.pdf>
Package pdftex.def Info: fig8.pdf  used on input line 516.
(pdftex.def)             Requested size: 347.0pt x 192.33469pt.
 [13 <./fig8.pdf>] [14]
<fig9.pdf, id=399, 845.1575pt x 444.1875pt>
File: fig9.pdf Graphic file (type pdf)
<use fig9.pdf>
Package pdftex.def Info: fig9.pdf  used on input line 664.
(pdftex.def)             Requested size: 347.0pt x 182.37561pt.
 [15] [16 <./fig9.pdf>]
<fig10.pdf, id=471, 845.1575pt x 303.85017pt>
File: fig10.pdf Graphic file (type pdf)
<use fig10.pdf>
Package pdftex.def Info: fig10.pdf  used on input line 708.
(pdftex.def)             Requested size: 347.0pt x 124.75555pt.
 [17 <./fig10.pdf>]
<fig13.png, id=493, 679.03688pt x 431.36156pt>
File: fig13.png Graphic file (type png)
<use fig13.png>
Package pdftex.def Info: fig13.png  used on input line 768.
(pdftex.def)             Requested size: 347.0pt x 220.43248pt.

Underfull \vbox (badness 10000) has occurred while \output is active []

 [18 <./fig13.png>]
Package epstopdf Info: Source file: <fig14.eps>
(epstopdf)                    date: 2019-01-09 09:53:14
(epstopdf)                    size: 18479 bytes
(epstopdf)             Output file: <fig14-eps-converted-to.pdf>
(epstopdf)                    date: 2019-01-09 09:53:14
(epstopdf)                    size: 7685 bytes
(epstopdf)             Command: <repstopdf --outfile=fig14-eps-converted-to.pdf
 fig14.eps>
(epstopdf)             \includegraphics on input line 821.
Package epstopdf Info: Output file is already uptodate.
<fig14-eps-converted-to.pdf, id=499, 943.525pt x 679.53876pt>
File: fig14-eps-converted-to.pdf Graphic file (type pdf)
<use fig14-eps-converted-to.pdf>
Package pdftex.def Info: fig14-eps-converted-to.pdf  used on input line 821.
(pdftex.def)             Requested size: 347.0pt x 249.91154pt.
 [19]
Package epstopdf Info: Source file: <fig14.eps>
(epstopdf)                    date: 2019-01-09 09:53:14
(epstopdf)                    size: 18479 bytes
(epstopdf)             Output file: <fig14-eps-converted-to.pdf>
(epstopdf)                    date: 2019-01-09 09:53:14
(epstopdf)                    size: 7685 bytes
(epstopdf)             Command: <repstopdf --outfile=fig14-eps-converted-to.pdf
 fig14.eps>
(epstopdf)             \includegraphics on input line 849.
Package epstopdf Info: Output file is already uptodate.
File: fig14-eps-converted-to.pdf Graphic file (type pdf)
<use fig14-eps-converted-to.pdf>
Package pdftex.def Info: fig14-eps-converted-to.pdf  used on input line 849.
(pdftex.def)             Requested size: 347.0pt x 249.91154pt.
 [20 <./fig14-eps-converted-to.pdf>]
Package epstopdf Info: Source file: <fig14.eps>
(epstopdf)                    date: 2019-01-09 09:53:14
(epstopdf)                    size: 18479 bytes
(epstopdf)             Output file: <fig14-eps-converted-to.pdf>
(epstopdf)                    date: 2019-01-09 09:53:14
(epstopdf)                    size: 7685 bytes
(epstopdf)             Command: <repstopdf --outfile=fig14-eps-converted-to.pdf
 fig14.eps>
(epstopdf)             \includegraphics on input line 908.
Package epstopdf Info: Output file is already uptodate.
File: fig14-eps-converted-to.pdf Graphic file (type pdf)
<use fig14-eps-converted-to.pdf>
Package pdftex.def Info: fig14-eps-converted-to.pdf  used on input line 908.
(pdftex.def)             Requested size: 347.0pt x 249.91154pt.
 [21] [22]
<fig11.pdf, id=518, 845.1575pt x 254.06519pt>
File: fig11.pdf Graphic file (type pdf)
<use fig11.pdf>
Package pdftex.def Info: fig11.pdf  used on input line 944.
(pdftex.def)             Requested size: 347.0pt x 104.31471pt.

Overfull \hbox (44.18246pt too wide) in paragraph at lines 955--964
[][] 
 []

<fig12.pdf, id=519, 845.04686pt x 284.52759pt>
File: fig12.pdf Graphic file (type pdf)
<use fig12.pdf>
Package pdftex.def Info: fig12.pdf  used on input line 976.
(pdftex.def)             Requested size: 347.0pt x 116.83507pt.
[23 <./fig11.pdf>]
Package epstopdf Info: Source file: <fig14.eps>
(epstopdf)                    date: 2019-01-09 09:53:14
(epstopdf)                    size: 18479 bytes
(epstopdf)             Output file: <fig14-eps-converted-to.pdf>
(epstopdf)                    date: 2019-01-09 09:53:14
(epstopdf)                    size: 7685 bytes
(epstopdf)             Command: <repstopdf --outfile=fig14-eps-converted-to.pdf
 fig14.eps>
(epstopdf)             \includegraphics on input line 1033.
Package epstopdf Info: Output file is already uptodate.
File: fig14-eps-converted-to.pdf Graphic file (type pdf)
<use fig14-eps-converted-to.pdf>
Package pdftex.def Info: fig14-eps-converted-to.pdf  used on input line 1033.
(pdftex.def)             Requested size: 347.0pt x 249.91154pt.
 [24 <./fig12.pdf>]
Package epstopdf Info: Source file: <fig15.eps>
(epstopdf)                    date: 2019-01-09 09:53:14
(epstopdf)                    size: 15430 bytes
(epstopdf)             Output file: <fig15-eps-converted-to.pdf>
(epstopdf)                    date: 2019-01-09 09:53:14
(epstopdf)                    size: 6124 bytes
(epstopdf)             Command: <repstopdf --outfile=fig15-eps-converted-to.pdf
 fig15.eps>
(epstopdf)             \includegraphics on input line 1052.
Package epstopdf Info: Output file is already uptodate.
<fig15-eps-converted-to.pdf, id=574, 943.525pt x 679.53876pt>
File: fig15-eps-converted-to.pdf Graphic file (type pdf)
<use fig15-eps-converted-to.pdf>
Package pdftex.def Info: fig15-eps-converted-to.pdf  used on input line 1052.
(pdftex.def)             Requested size: 260.25pt x 187.43884pt.

Underfull \vbox (badness 5161) has occurred while \output is active []

 [25]
[26 <./fig15-eps-converted-to.pdf>]
Overfull \hbox (7.49399pt too wide) in paragraph at lines 1099--1102
\OT1/cmr/m/n/8 (No. 61502118), the Nat-u-ral Sci-ence Foun-da-tion of Hei-longj
iang Province in China (No. F2016028
 []


Overfull \hbox (38.68611pt too wide) in paragraph at lines 1099--1102
\OT1/cmr/m/n/8 and F2016009), the Fun-da-men-tal Re-search Fund for the Cen-tra
l Uni-ver-si-ties in China (No. HEUCF180602
 []


Overfull \hbox (25.64981pt too wide) in paragraph at lines 1099--1102
\OT1/cmr/m/n/8 and HEUCFM180604) and the Na-tional Sci-ence and Tech-nol-ogy Ma
-jor Project (No. 2016ZX03001023-
 []

(./pottery.bbl [27] [28]) [29] (./pottery.aux)

LaTeX Font Warning: Size substitutions with differences
(Font)              up to 0.5pt have occurred.


LaTeX Warning: There were multiply-defined labels.

 ) 
Here is how much of TeX's memory you used:
 3536 strings out of 492649
 49672 string characters out of 6129623
 115785 words of memory out of 5000000
 7360 multiletter control sequences out of 15000+600000
 14591 words of font info for 51 fonts, out of 8000000 for 9000
 1141 hyphenation exceptions out of 8191
 41i,13n,25p,851b,318s stack positions out of 5000i,500n,10000p,200000b,80000s
</usr/local/texlive/2018/texmf-dist/fonts/type1/public/stix/STIXGeneral-Bold.
pfb></usr/local/texlive/2018/texmf-dist/fonts/type1/public/stix/STIXGeneral-Ita
lic.pfb></usr/local/texlive/2018/texmf-dist/fonts/type1/public/stix/STIXGeneral
-Regular.pfb></usr/local/texlive/2018/texmf-dist/fonts/type1/public/amsfonts/cm
/cmbsy10.pfb></usr/local/texlive/2018/texmf-dist/fonts/type1/public/amsfonts/cm
/cmbx12.pfb></usr/local/texlive/2018/texmf-dist/fonts/type1/public/amsfonts/cm/
cmbx8.pfb></usr/local/texlive/2018/texmf-dist/fonts/type1/public/amsfonts/cm/cm
bx9.pfb></usr/local/texlive/2018/texmf-dist/fonts/type1/public/amsfonts/cmextra
/cmex9.pfb></usr/local/texlive/2018/texmf-dist/fonts/type1/public/amsfonts/cm/c
mmi5.pfb></usr/local/texlive/2018/texmf-dist/fonts/type1/public/amsfonts/cm/cmm
i6.pfb></usr/local/texlive/2018/texmf-dist/fonts/type1/public/amsfonts/cm/cmmi8
.pfb></usr/local/texlive/2018/texmf-dist/fonts/type1/public/amsfonts/cm/cmmi9.p
fb></usr/local/texlive/2018/texmf-dist/fonts/type1/public/amsfonts/cm/cmr6.pfb>
</usr/local/texlive/2018/texmf-dist/fonts/type1/public/amsfonts/cm/cmr8.pfb></u
sr/local/texlive/2018/texmf-dist/fonts/type1/public/amsfonts/cm/cmr9.pfb></usr/
local/texlive/2018/texmf-dist/fonts/type1/public/amsfonts/cm/cmsy6.pfb></usr/lo
cal/texlive/2018/texmf-dist/fonts/type1/public/amsfonts/cm/cmsy8.pfb></usr/loca
l/texlive/2018/texmf-dist/fonts/type1/public/amsfonts/cm/cmsy9.pfb></usr/local/
texlive/2018/texmf-dist/fonts/type1/public/amsfonts/cm/cmti9.pfb></usr/local/te
xlive/2018/texmf-dist/fonts/type1/public/marvosym/marvosym.pfb>
Output written on pottery.pdf (29 pages, 13363983 bytes).
PDF statistics:
 654 PDF objects out of 1000 (max. 8388607)
 442 compressed objects within 5 object streams
 0 named destinations out of 1000 (max. 500000)
 76 words of extra memory for PDF output out of 10000 (max. 10000000)

